<?xml version="1.0" encoding="UTF-8"?>
<testsuite xmlns:xsi="http://www.w3.org/2001/XMLSchema-instance" xsi:noNamespaceSchemaLocation="https://maven.apache.org/surefire/maven-surefire-plugin/xsd/surefire-test-report.xsd" name="org.apache.nifi.processors.hazelcast.processors.PutHazlecastMapTest" time="0.167" tests="1" errors="0" skipped="0" failures="0">
  <properties>
    <property name="gopherProxySet" value="false"/>
    <property name="awt.toolkit" value="sun.lwawt.macosx.LWCToolkit"/>
    <property name="file.encoding.pkg" value="sun.io"/>
    <property name="java.specification.version" value="1.8"/>
    <property name="sun.cpu.isalist" value=""/>
    <property name="sun.jnu.encoding" value="UTF-8"/>
    <property name="java.class.path" value="/Users/milandas/Documents/workspace/gitspace/dmilan77/nifi-hazlecast-bundle/nifi-nifi-hazlecast-bundle-processors/target/test-classes:/Users/milandas/Documents/workspace/gitspace/dmilan77/nifi-hazlecast-bundle/nifi-nifi-hazlecast-bundle-processors/target/classes:/Users/milandas/.m2/repository/org/apache/nifi/nifi-api/1.7.1/nifi-api-1.7.1.jar:/Users/milandas/.m2/repository/org/apache/nifi/nifi-utils/1.7.1/nifi-utils-1.7.1.jar:/Users/milandas/.m2/repository/org/projectlombok/lombok/1.18.4/lombok-1.18.4.jar:/Users/milandas/.m2/repository/org/apache/nifi/nifi-mock/1.7.1/nifi-mock-1.7.1.jar:/Users/milandas/.m2/repository/org/apache/nifi/nifi-framework-api/1.7.1/nifi-framework-api-1.7.1.jar:/Users/milandas/.m2/repository/org/apache/nifi/nifi-expression-language/1.7.1/nifi-expression-language-1.7.1.jar:/Users/milandas/.m2/repository/org/antlr/antlr-runtime/3.5.2/antlr-runtime-3.5.2.jar:/Users/milandas/.m2/repository/com/jayway/jsonpath/json-path/2.4.0/json-path-2.4.0.jar:/Users/milandas/.m2/repository/net/minidev/json-smart/2.3/json-smart-2.3.jar:/Users/milandas/.m2/repository/net/minidev/accessors-smart/1.2/accessors-smart-1.2.jar:/Users/milandas/.m2/repository/org/ow2/asm/asm/5.0.4/asm-5.0.4.jar:/Users/milandas/.m2/repository/com/fasterxml/jackson/core/jackson-databind/2.9.5/jackson-databind-2.9.5.jar:/Users/milandas/.m2/repository/com/fasterxml/jackson/core/jackson-annotations/2.9.0/jackson-annotations-2.9.0.jar:/Users/milandas/.m2/repository/com/fasterxml/jackson/core/jackson-core/2.9.5/jackson-core-2.9.5.jar:/Users/milandas/.m2/repository/org/apache/commons/commons-lang3/3.7/commons-lang3-3.7.jar:/Users/milandas/.m2/repository/org/apache/nifi/nifi-data-provenance-utils/1.7.1/nifi-data-provenance-utils-1.7.1.jar:/Users/milandas/.m2/repository/org/apache/nifi/nifi-security-utils/1.7.1/nifi-security-utils-1.7.1.jar:/Users/milandas/.m2/repository/commons-codec/commons-codec/1.11/commons-codec-1.11.jar:/Users/milandas/.m2/repository/org/bouncycastle/bcpkix-jdk15on/1.59/bcpkix-jdk15on-1.59.jar:/Users/milandas/.m2/repository/org/bouncycastle/bcprov-jdk15on/1.59/bcprov-jdk15on-1.59.jar:/Users/milandas/.m2/repository/org/apache/nifi/nifi-properties-loader/1.7.1/nifi-properties-loader-1.7.1.jar:/Users/milandas/.m2/repository/ch/qos/logback/logback-classic/1.2.3/logback-classic-1.2.3.jar:/Users/milandas/.m2/repository/ch/qos/logback/logback-core/1.2.3/logback-core-1.2.3.jar:/Users/milandas/.m2/repository/org/apache/nifi/nifi-properties/1.7.1/nifi-properties-1.7.1.jar:/Users/milandas/.m2/repository/org/slf4j/slf4j-simple/1.7.25/slf4j-simple-1.7.25.jar:/Users/milandas/.m2/repository/org/slf4j/slf4j-api/1.7.25/slf4j-api-1.7.25.jar:/Users/milandas/.m2/repository/junit/junit/4.12/junit-4.12.jar:/Users/milandas/.m2/repository/org/hamcrest/hamcrest-core/1.3/hamcrest-core-1.3.jar:/Users/milandas/.m2/repository/org/apache/nifi/processors/hazelcast/zookeeper/service/nifi-HazleCastZookeeperService-api/1.7.1-SNAPSHOT/nifi-HazleCastZookeeperService-api-1.7.1-SNAPSHOT.jar:/Users/milandas/.m2/repository/org/apache/curator/curator-test/2.9.0/curator-test-2.9.0.jar:/Users/milandas/.m2/repository/org/apache/zookeeper/zookeeper/3.4.6/zookeeper-3.4.6.jar:/Users/milandas/.m2/repository/log4j/log4j/1.2.16/log4j-1.2.16.jar:/Users/milandas/.m2/repository/jline/jline/0.9.94/jline-0.9.94.jar:/Users/milandas/.m2/repository/io/netty/netty/3.7.0.Final/netty-3.7.0.Final.jar:/Users/milandas/.m2/repository/org/javassist/javassist/3.18.1-GA/javassist-3.18.1-GA.jar:/Users/milandas/.m2/repository/org/apache/commons/commons-math/2.2/commons-math-2.2.jar:/Users/milandas/.m2/repository/com/google/guava/guava/16.0.1/guava-16.0.1.jar:/Users/milandas/.m2/repository/org/apache/curator/curator-x-discovery/2.9.0/curator-x-discovery-2.9.0.jar:/Users/milandas/.m2/repository/org/apache/curator/curator-recipes/2.9.0/curator-recipes-2.9.0.jar:/Users/milandas/.m2/repository/org/apache/curator/curator-framework/2.9.0/curator-framework-2.9.0.jar:/Users/milandas/.m2/repository/org/apache/curator/curator-client/2.9.0/curator-client-2.9.0.jar:/Users/milandas/.m2/repository/org/codehaus/jackson/jackson-mapper-asl/1.9.13/jackson-mapper-asl-1.9.13.jar:/Users/milandas/.m2/repository/org/codehaus/jackson/jackson-core-asl/1.9.13/jackson-core-asl-1.9.13.jar:/Users/milandas/.m2/repository/com/hazelcast/hazelcast-zookeeper/3.6.3/hazelcast-zookeeper-3.6.3.jar:/Users/milandas/.m2/repository/com/hazelcast/hazelcast/3.11.1/hazelcast-3.11.1.jar:/Users/milandas/.m2/repository/com/hazelcast/hazelcast-client/3.11.1/hazelcast-client-3.11.1.jar:/Users/milandas/.m2/repository/org/apache/nifi/processors/hazelcast/zookeeper/service/nifi-HazleCastZookeeperService/1.7.1-SNAPSHOT/nifi-HazleCastZookeeperService-1.7.1-SNAPSHOT.jar:/Users/milandas/.m2/repository/org/apache/nifi/nifi-processor-utils/1.7.1/nifi-processor-utils-1.7.1.jar:/Users/milandas/.m2/repository/commons-io/commons-io/2.6/commons-io-2.6.jar:/Users/milandas/.m2/repository/org/mockito/mockito-core/1.10.19/mockito-core-1.10.19.jar:/Users/milandas/.m2/repository/org/objenesis/objenesis/2.1/objenesis-2.1.jar:/Users/milandas/.m2/repository/org/codehaus/groovy/groovy-all/2.4.13/groovy-all-2.4.13.jar:"/>
    <property name="java.vm.vendor" value="Oracle Corporation"/>
    <property name="sun.arch.data.model" value="64"/>
    <property name="java.vendor.url" value="http://java.oracle.com/"/>
    <property name="user.timezone" value=""/>
    <property name="java.vm.specification.version" value="1.8"/>
    <property name="os.name" value="Mac OS X"/>
    <property name="user.country" value="US"/>
    <property name="sun.java.launcher" value="SUN_STANDARD"/>
    <property name="sun.boot.library.path" value="/Library/Java/JavaVirtualMachines/jdk1.8.0_151.jdk/Contents/Home/jre/lib"/>
    <property name="sun.java.command" value="/Users/milandas/Documents/workspace/gitspace/dmilan77/nifi-hazlecast-bundle/nifi-nifi-hazlecast-bundle-processors/target/surefire/surefirebooter6055200514149404505.jar /Users/milandas/Documents/workspace/gitspace/dmilan77/nifi-hazlecast-bundle/nifi-nifi-hazlecast-bundle-processors/target/surefire 2019-01-14T16-06-23_556-jvmRun1 surefire5163489851082771507tmp surefire_07991819759554658517tmp"/>
    <property name="http.nonProxyHosts" value="local|*.local|169.254/16|*.169.254/16"/>
    <property name="surefire.test.class.path" value="/Users/milandas/Documents/workspace/gitspace/dmilan77/nifi-hazlecast-bundle/nifi-nifi-hazlecast-bundle-processors/target/test-classes:/Users/milandas/Documents/workspace/gitspace/dmilan77/nifi-hazlecast-bundle/nifi-nifi-hazlecast-bundle-processors/target/classes:/Users/milandas/.m2/repository/org/apache/nifi/nifi-api/1.7.1/nifi-api-1.7.1.jar:/Users/milandas/.m2/repository/org/apache/nifi/nifi-utils/1.7.1/nifi-utils-1.7.1.jar:/Users/milandas/.m2/repository/org/projectlombok/lombok/1.18.4/lombok-1.18.4.jar:/Users/milandas/.m2/repository/org/apache/nifi/nifi-mock/1.7.1/nifi-mock-1.7.1.jar:/Users/milandas/.m2/repository/org/apache/nifi/nifi-framework-api/1.7.1/nifi-framework-api-1.7.1.jar:/Users/milandas/.m2/repository/org/apache/nifi/nifi-expression-language/1.7.1/nifi-expression-language-1.7.1.jar:/Users/milandas/.m2/repository/org/antlr/antlr-runtime/3.5.2/antlr-runtime-3.5.2.jar:/Users/milandas/.m2/repository/com/jayway/jsonpath/json-path/2.4.0/json-path-2.4.0.jar:/Users/milandas/.m2/repository/net/minidev/json-smart/2.3/json-smart-2.3.jar:/Users/milandas/.m2/repository/net/minidev/accessors-smart/1.2/accessors-smart-1.2.jar:/Users/milandas/.m2/repository/org/ow2/asm/asm/5.0.4/asm-5.0.4.jar:/Users/milandas/.m2/repository/com/fasterxml/jackson/core/jackson-databind/2.9.5/jackson-databind-2.9.5.jar:/Users/milandas/.m2/repository/com/fasterxml/jackson/core/jackson-annotations/2.9.0/jackson-annotations-2.9.0.jar:/Users/milandas/.m2/repository/com/fasterxml/jackson/core/jackson-core/2.9.5/jackson-core-2.9.5.jar:/Users/milandas/.m2/repository/org/apache/commons/commons-lang3/3.7/commons-lang3-3.7.jar:/Users/milandas/.m2/repository/org/apache/nifi/nifi-data-provenance-utils/1.7.1/nifi-data-provenance-utils-1.7.1.jar:/Users/milandas/.m2/repository/org/apache/nifi/nifi-security-utils/1.7.1/nifi-security-utils-1.7.1.jar:/Users/milandas/.m2/repository/commons-codec/commons-codec/1.11/commons-codec-1.11.jar:/Users/milandas/.m2/repository/org/bouncycastle/bcpkix-jdk15on/1.59/bcpkix-jdk15on-1.59.jar:/Users/milandas/.m2/repository/org/bouncycastle/bcprov-jdk15on/1.59/bcprov-jdk15on-1.59.jar:/Users/milandas/.m2/repository/org/apache/nifi/nifi-properties-loader/1.7.1/nifi-properties-loader-1.7.1.jar:/Users/milandas/.m2/repository/ch/qos/logback/logback-classic/1.2.3/logback-classic-1.2.3.jar:/Users/milandas/.m2/repository/ch/qos/logback/logback-core/1.2.3/logback-core-1.2.3.jar:/Users/milandas/.m2/repository/org/apache/nifi/nifi-properties/1.7.1/nifi-properties-1.7.1.jar:/Users/milandas/.m2/repository/org/slf4j/slf4j-simple/1.7.25/slf4j-simple-1.7.25.jar:/Users/milandas/.m2/repository/org/slf4j/slf4j-api/1.7.25/slf4j-api-1.7.25.jar:/Users/milandas/.m2/repository/junit/junit/4.12/junit-4.12.jar:/Users/milandas/.m2/repository/org/hamcrest/hamcrest-core/1.3/hamcrest-core-1.3.jar:/Users/milandas/.m2/repository/org/apache/nifi/processors/hazelcast/zookeeper/service/nifi-HazleCastZookeeperService-api/1.7.1-SNAPSHOT/nifi-HazleCastZookeeperService-api-1.7.1-SNAPSHOT.jar:/Users/milandas/.m2/repository/org/apache/curator/curator-test/2.9.0/curator-test-2.9.0.jar:/Users/milandas/.m2/repository/org/apache/zookeeper/zookeeper/3.4.6/zookeeper-3.4.6.jar:/Users/milandas/.m2/repository/log4j/log4j/1.2.16/log4j-1.2.16.jar:/Users/milandas/.m2/repository/jline/jline/0.9.94/jline-0.9.94.jar:/Users/milandas/.m2/repository/io/netty/netty/3.7.0.Final/netty-3.7.0.Final.jar:/Users/milandas/.m2/repository/org/javassist/javassist/3.18.1-GA/javassist-3.18.1-GA.jar:/Users/milandas/.m2/repository/org/apache/commons/commons-math/2.2/commons-math-2.2.jar:/Users/milandas/.m2/repository/com/google/guava/guava/16.0.1/guava-16.0.1.jar:/Users/milandas/.m2/repository/org/apache/curator/curator-x-discovery/2.9.0/curator-x-discovery-2.9.0.jar:/Users/milandas/.m2/repository/org/apache/curator/curator-recipes/2.9.0/curator-recipes-2.9.0.jar:/Users/milandas/.m2/repository/org/apache/curator/curator-framework/2.9.0/curator-framework-2.9.0.jar:/Users/milandas/.m2/repository/org/apache/curator/curator-client/2.9.0/curator-client-2.9.0.jar:/Users/milandas/.m2/repository/org/codehaus/jackson/jackson-mapper-asl/1.9.13/jackson-mapper-asl-1.9.13.jar:/Users/milandas/.m2/repository/org/codehaus/jackson/jackson-core-asl/1.9.13/jackson-core-asl-1.9.13.jar:/Users/milandas/.m2/repository/com/hazelcast/hazelcast-zookeeper/3.6.3/hazelcast-zookeeper-3.6.3.jar:/Users/milandas/.m2/repository/com/hazelcast/hazelcast/3.11.1/hazelcast-3.11.1.jar:/Users/milandas/.m2/repository/com/hazelcast/hazelcast-client/3.11.1/hazelcast-client-3.11.1.jar:/Users/milandas/.m2/repository/org/apache/nifi/processors/hazelcast/zookeeper/service/nifi-HazleCastZookeeperService/1.7.1-SNAPSHOT/nifi-HazleCastZookeeperService-1.7.1-SNAPSHOT.jar:/Users/milandas/.m2/repository/org/apache/nifi/nifi-processor-utils/1.7.1/nifi-processor-utils-1.7.1.jar:/Users/milandas/.m2/repository/commons-io/commons-io/2.6/commons-io-2.6.jar:/Users/milandas/.m2/repository/org/mockito/mockito-core/1.10.19/mockito-core-1.10.19.jar:/Users/milandas/.m2/repository/org/objenesis/objenesis/2.1/objenesis-2.1.jar:/Users/milandas/.m2/repository/org/codehaus/groovy/groovy-all/2.4.13/groovy-all-2.4.13.jar:"/>
    <property name="sun.cpu.endian" value="little"/>
    <property name="user.home" value="/Users/milandas"/>
    <property name="user.language" value="en"/>
    <property name="java.specification.vendor" value="Oracle Corporation"/>
    <property name="java.home" value="/Library/Java/JavaVirtualMachines/jdk1.8.0_151.jdk/Contents/Home/jre"/>
    <property name="basedir" value="/Users/milandas/Documents/workspace/gitspace/dmilan77/nifi-hazlecast-bundle/nifi-nifi-hazlecast-bundle-processors"/>
    <property name="file.separator" value="/"/>
    <property name="line.separator" value="&#10;"/>
    <property name="java.vm.specification.vendor" value="Oracle Corporation"/>
    <property name="java.specification.name" value="Java Platform API Specification"/>
    <property name="java.awt.graphicsenv" value="sun.awt.CGraphicsEnvironment"/>
    <property name="java.awt.headless" value="true"/>
    <property name="surefire.real.class.path" value="/Users/milandas/Documents/workspace/gitspace/dmilan77/nifi-hazlecast-bundle/nifi-nifi-hazlecast-bundle-processors/target/surefire/surefirebooter6055200514149404505.jar"/>
    <property name="sun.boot.class.path" value="/Library/Java/JavaVirtualMachines/jdk1.8.0_151.jdk/Contents/Home/jre/lib/resources.jar:/Library/Java/JavaVirtualMachines/jdk1.8.0_151.jdk/Contents/Home/jre/lib/rt.jar:/Library/Java/JavaVirtualMachines/jdk1.8.0_151.jdk/Contents/Home/jre/lib/sunrsasign.jar:/Library/Java/JavaVirtualMachines/jdk1.8.0_151.jdk/Contents/Home/jre/lib/jsse.jar:/Library/Java/JavaVirtualMachines/jdk1.8.0_151.jdk/Contents/Home/jre/lib/jce.jar:/Library/Java/JavaVirtualMachines/jdk1.8.0_151.jdk/Contents/Home/jre/lib/charsets.jar:/Library/Java/JavaVirtualMachines/jdk1.8.0_151.jdk/Contents/Home/jre/lib/jfr.jar:/Library/Java/JavaVirtualMachines/jdk1.8.0_151.jdk/Contents/Home/jre/classes"/>
    <property name="sun.management.compiler" value="HotSpot 64-Bit Tiered Compilers"/>
    <property name="ftp.nonProxyHosts" value="local|*.local|169.254/16|*.169.254/16"/>
    <property name="java.runtime.version" value="1.8.0_151-b12"/>
    <property name="java.net.preferIPv4Stack" value="true"/>
    <property name="user.name" value="milandas"/>
    <property name="path.separator" value=":"/>
    <property name="os.version" value="10.14.2"/>
    <property name="java.endorsed.dirs" value="/Library/Java/JavaVirtualMachines/jdk1.8.0_151.jdk/Contents/Home/jre/lib/endorsed"/>
    <property name="java.runtime.name" value="Java(TM) SE Runtime Environment"/>
    <property name="file.encoding" value="UTF-8"/>
    <property name="java.vm.name" value="Java HotSpot(TM) 64-Bit Server VM"/>
    <property name="localRepository" value="/Users/milandas/.m2/repository"/>
    <property name="java.vendor.url.bug" value="http://bugreport.sun.com/bugreport/"/>
    <property name="java.io.tmpdir" value="/var/folders/w5/zgpw0q815j340fw6ft9wydtr0000gn/T/"/>
    <property name="java.version" value="1.8.0_151"/>
    <property name="user.dir" value="/Users/milandas/Documents/workspace/gitspace/dmilan77/nifi-hazlecast-bundle/nifi-nifi-hazlecast-bundle-processors"/>
    <property name="os.arch" value="x86_64"/>
    <property name="java.vm.specification.name" value="Java Virtual Machine Specification"/>
    <property name="java.awt.printerjob" value="sun.lwawt.macosx.CPrinterJob"/>
    <property name="sun.os.patch.level" value="unknown"/>
    <property name="java.library.path" value="/Users/milandas/Library/Java/Extensions:/Library/Java/Extensions:/Network/Library/Java/Extensions:/System/Library/Java/Extensions:/usr/lib/java:."/>
    <property name="java.vm.info" value="mixed mode"/>
    <property name="java.vendor" value="Oracle Corporation"/>
    <property name="java.vm.version" value="25.151-b12"/>
    <property name="java.ext.dirs" value="/Users/milandas/Library/Java/Extensions:/Library/Java/JavaVirtualMachines/jdk1.8.0_151.jdk/Contents/Home/jre/lib/ext:/Library/Java/Extensions:/Network/Library/Java/Extensions:/System/Library/Java/Extensions:/usr/lib/java"/>
    <property name="sun.io.unicode.encoding" value="UnicodeBig"/>
    <property name="java.class.version" value="52.0"/>
    <property name="socksNonProxyHosts" value="local|*.local|169.254/16|*.169.254/16"/>
  </properties>
  <testcase name="testProcessor" classname="org.apache.nifi.processors.hazelcast.processors.PutHazlecastMapTest" time="0.126"/>
</testsuite>